<?xml version="1.0" encoding="UTF-8"?>
<!-- Generated by org.testng.reporters.JUnitXMLReporter -->
<testsuite ignored="0" hostname="DESKTOP-A3FSNU9" failures="1" tests="2" name="ErrorValidations" time="31.092" errors="0" timestamp="2024-03-21T10:50:04 EDT">
  <testcase classname="seleniumFramework.Tests.ErrorValidations" name="errorvalidation" time="0.742">
    <skipped/>
  </testcase> <!-- errorvalidation -->
  <testcase classname="seleniumFramework.Tests.ErrorValidations" name="errorvalidation" time="0.564">
    <failure type="java.lang.AssertionError" message="expected [Incorrect email or password.] but found [Incorrect emai or password.]">
      <![CDATA[java.lang.AssertionError: expected [Incorrect email or password.] but found [Incorrect emai or password.]
at seleniumFramework.Tests.ErrorValidations.errorvalidation(ErrorValidations.java:18)
at java.base/java.util.ArrayList.forEach(ArrayList.java:1511)
at java.base/java.util.concurrent.FutureTask.run(FutureTask.java:264)
at java.base/java.util.concurrent.ThreadPoolExecutor.runWorker(ThreadPoolExecutor.java:1136)
at java.base/java.util.concurrent.ThreadPoolExecutor$Worker.run(ThreadPoolExecutor.java:635)
at java.base/java.lang.Thread.run(Thread.java:833)
... Removed 23 stack frames]]>
    </failure>
  </testcase> <!-- errorvalidation -->
</testsuite> <!-- ErrorValidations -->
